<component name="ArtifactManager">
  <artifact type="jar" name="junit5-jupiter-starter-maven:jar">
    <output-path>$PROJECT_DIR$/out/artifacts/junit5_jupiter_starter_maven_jar</output-path>
    <root id="archive" name="junit5-jupiter-starter-maven.jar">
      <element id="module-output" name="junit5-jupiter-starter-maven" />
    </root>
  </artifact>
</component>